Determining if the pthread_create exist failed with the following output:
Change Dir: /mnt/hgfs/share/workspace/cwork/cmake-build-debug/CMakeFiles/CMakeTmp

Run Build Command(s):/bin/gmake cmTC_42da6/fast 
gmake[1]: Entering directory `/mnt/hgfs/share/workspace/cwork/cmake-build-debug/CMakeFiles/CMakeTmp'
/bin/gmake -f CMakeFiles/cmTC_42da6.dir/build.make CMakeFiles/cmTC_42da6.dir/build
gmake[2]: Entering directory `/mnt/hgfs/share/workspace/cwork/cmake-build-debug/CMakeFiles/CMakeTmp'
Building C object CMakeFiles/cmTC_42da6.dir/CheckSymbolExists.c.o
/bin/cc    -o CMakeFiles/cmTC_42da6.dir/CheckSymbolExists.c.o   -c /mnt/hgfs/share/workspace/cwork/cmake-build-debug/CMakeFiles/CMakeTmp/CheckSymbolExists.c
Linking C executable cmTC_42da6
/mnt/hgfs/share/software/clion-2019.1.3/bin/cmake/linux/bin/cmake -E cmake_link_script CMakeFiles/cmTC_42da6.dir/link.txt --verbose=1
/bin/cc      CMakeFiles/cmTC_42da6.dir/CheckSymbolExists.c.o  -o cmTC_42da6 
CMakeFiles/cmTC_42da6.dir/CheckSymbolExists.c.o: In function `main':
CheckSymbolExists.c:(.text+0x16): undefined reference to `pthread_create'
collect2: error: ld returned 1 exit status
gmake[2]: *** [cmTC_42da6] Error 1
gmake[2]: Leaving directory `/mnt/hgfs/share/workspace/cwork/cmake-build-debug/CMakeFiles/CMakeTmp'
gmake[1]: *** [cmTC_42da6/fast] Error 2
gmake[1]: Leaving directory `/mnt/hgfs/share/workspace/cwork/cmake-build-debug/CMakeFiles/CMakeTmp'

File /mnt/hgfs/share/workspace/cwork/cmake-build-debug/CMakeFiles/CMakeTmp/CheckSymbolExists.c:
/* */
#include <pthread.h>

int main(int argc, char** argv)
{
  (void)argv;
#ifndef pthread_create
  return ((int*)(&pthread_create))[argc];
#else
  (void)argc;
  return 0;
#endif
}

Determining if the function pthread_create exists in the pthreads failed with the following output:
Change Dir: /mnt/hgfs/share/workspace/cwork/cmake-build-debug/CMakeFiles/CMakeTmp

Run Build Command(s):/bin/gmake cmTC_4adb8/fast 
gmake[1]: Entering directory `/mnt/hgfs/share/workspace/cwork/cmake-build-debug/CMakeFiles/CMakeTmp'
/bin/gmake -f CMakeFiles/cmTC_4adb8.dir/build.make CMakeFiles/cmTC_4adb8.dir/build
gmake[2]: Entering directory `/mnt/hgfs/share/workspace/cwork/cmake-build-debug/CMakeFiles/CMakeTmp'
Building C object CMakeFiles/cmTC_4adb8.dir/CheckFunctionExists.c.o
/bin/cc   -DCHECK_FUNCTION_EXISTS=pthread_create   -o CMakeFiles/cmTC_4adb8.dir/CheckFunctionExists.c.o   -c /mnt/hgfs/share/software/clion-2019.1.3/bin/cmake/linux/share/cmake-3.14/Modules/CheckFunctionExists.c
Linking C executable cmTC_4adb8
/mnt/hgfs/share/software/clion-2019.1.3/bin/cmake/linux/bin/cmake -E cmake_link_script CMakeFiles/cmTC_4adb8.dir/link.txt --verbose=1
/bin/cc  -DCHECK_FUNCTION_EXISTS=pthread_create    CMakeFiles/cmTC_4adb8.dir/CheckFunctionExists.c.o  -o cmTC_4adb8 -lpthreads 
/bin/ld: cannot find -lpthreads
collect2: error: ld returned 1 exit status
gmake[2]: *** [cmTC_4adb8] Error 1
gmake[2]: Leaving directory `/mnt/hgfs/share/workspace/cwork/cmake-build-debug/CMakeFiles/CMakeTmp'
gmake[1]: *** [cmTC_4adb8/fast] Error 2
gmake[1]: Leaving directory `/mnt/hgfs/share/workspace/cwork/cmake-build-debug/CMakeFiles/CMakeTmp'


